<?xml version="1.0" encoding="UTF-8"?>
<!-- Generated by org.testng.reporters.JUnitXMLReporter -->
<testsuite ignored="0" hostname="BHARGAVK-VAIO" failures="1" tests="1" name="Valoidation of home page text message" time="47.101" errors="0" timestamp="2020-05-22T14:48:21 IST">
  <testcase classname="ScrathFramework.PageNavigationTestNg" name="chooseBrowser" time="0.676">
    <failure type="java.lang.AssertionError" message="expected [FEATURED ] but found [FEATURED COURSES]">
      <![CDATA[java.lang.AssertionError: expected [FEATURED ] but found [FEATURED COURSES]
at ScrathFramework.PageNavigationTestNg.chooseBrowser(PageNavigationTestNg.java:42)
at java.base/java.util.ArrayList.forEach(ArrayList.java:1510)
at java.base/java.util.concurrent.FutureTask.run(FutureTask.java:264)
at java.base/java.util.concurrent.ThreadPoolExecutor.runWorker(ThreadPoolExecutor.java:1130)
at java.base/java.util.concurrent.ThreadPoolExecutor$Worker.run(ThreadPoolExecutor.java:630)
at java.base/java.lang.Thread.run(Thread.java:832)
... Removed 23 stack frames]]>
    </failure>
  </testcase> <!-- chooseBrowser -->
</testsuite> <!-- Valoidation of home page text message -->
